G:\PYTHON,PHP,JS\MPI\MPI_MAT1_6_10_2014\X64\DEBUG\MPI_MAT1_6_10_2014.PCH
G:\PYTHON,PHP,JS\MPI\MPI_MAT1_6_10_2014\X64\DEBUG\STDAFX.OBJ
G:\PYTHON,PHP,JS\MPI\MPI_MAT1_6_10_2014\X64\DEBUG\VC110.PDB
G:\PYTHON,PHP,JS\MPI\MPI_MAT1_6_10_2014\X64\DEBUG\MPI_MAT1_6_10_2014.OBJ
G:\PYTHON,PHP,JS\MPI\X64\DEBUG\MPI_MAT1_6_10_2014.ILK
G:\PYTHON,PHP,JS\MPI\X64\DEBUG\MPI_MAT1_6_10_2014.EXE
G:\PYTHON,PHP,JS\MPI\X64\DEBUG\MPI_MAT1_6_10_2014.PDB
G:\Python,php,js\MPI\MPI_Mat1_6_10_2014\x64\Debug\MPI_Mat1_6_10_2014.obj
G:\Python,php,js\MPI\MPI_Mat1_6_10_2014\x64\Debug\stdafx.obj
G:\Python,php,js\MPI\MPI_Mat1_6_10_2014\x64\Debug\cl.command.1.tlog
G:\Python,php,js\MPI\MPI_Mat1_6_10_2014\x64\Debug\CL.read.1.tlog
G:\Python,php,js\MPI\MPI_Mat1_6_10_2014\x64\Debug\CL.write.1.tlog
G:\Python,php,js\MPI\MPI_Mat1_6_10_2014\x64\Debug\link-cvtres.read.1.tlog
G:\Python,php,js\MPI\MPI_Mat1_6_10_2014\x64\Debug\link-cvtres.write.1.tlog
G:\Python,php,js\MPI\MPI_Mat1_6_10_2014\x64\Debug\link-rc.read.1.tlog
G:\Python,php,js\MPI\MPI_Mat1_6_10_2014\x64\Debug\link-rc.write.1.tlog
G:\Python,php,js\MPI\MPI_Mat1_6_10_2014\x64\Debug\link.12088-cvtres.read.1.tlog
G:\Python,php,js\MPI\MPI_Mat1_6_10_2014\x64\Debug\link.12088-cvtres.write.1.tlog
G:\Python,php,js\MPI\MPI_Mat1_6_10_2014\x64\Debug\link.12088-rc.read.1.tlog
G:\Python,php,js\MPI\MPI_Mat1_6_10_2014\x64\Debug\link.12088-rc.write.1.tlog
G:\Python,php,js\MPI\MPI_Mat1_6_10_2014\x64\Debug\link.12088.read.1.tlog
G:\Python,php,js\MPI\MPI_Mat1_6_10_2014\x64\Debug\link.12088.write.1.tlog
G:\Python,php,js\MPI\MPI_Mat1_6_10_2014\x64\Debug\link.command.1.tlog
G:\Python,php,js\MPI\MPI_Mat1_6_10_2014\x64\Debug\link.read.1.tlog
G:\Python,php,js\MPI\MPI_Mat1_6_10_2014\x64\Debug\link.write.1.tlog
G:\Python,php,js\MPI\MPI_Mat1_6_10_2014\x64\Debug\MPI_Mat1_6_10_2014.pch
G:\Python,php,js\MPI\MPI_Mat1_6_10_2014\x64\Debug\vc110.idb
G:\Python,php,js\MPI\MPI_Mat1_6_10_2014\x64\Debug\vc110.pdb
G:\Python,php,js\MPI\x64\Debug\MPI_Mat1_6_10_2014.pdb
G:\Python,php,js\MPI\x64\Debug\MPI_Mat1_6_10_2014.exe
G:\Python,php,js\MPI\x64\Debug\MPI_Mat1_6_10_2014.ilk
