G:\PYTHON,PHP,JS\MPI\MPI_MAT1_6_10_2014\DEBUG\MPI_MAT1_6_10_2014.PCH
G:\PYTHON,PHP,JS\MPI\MPI_MAT1_6_10_2014\DEBUG\STDAFX.OBJ
G:\PYTHON,PHP,JS\MPI\MPI_MAT1_6_10_2014\DEBUG\VC110.PDB
G:\PYTHON,PHP,JS\MPI\MPI_MAT1_6_10_2014\DEBUG\MPI_MAT1_6_10_2014.OBJ
G:\Python,php,js\MPI\MPI_Mat1_6_10_2014\Debug\MPI_Mat1_6_10_2014.obj
G:\Python,php,js\MPI\MPI_Mat1_6_10_2014\Debug\stdafx.obj
G:\Python,php,js\MPI\MPI_Mat1_6_10_2014\Debug\cl.command.1.tlog
G:\Python,php,js\MPI\MPI_Mat1_6_10_2014\Debug\CL.read.1.tlog
G:\Python,php,js\MPI\MPI_Mat1_6_10_2014\Debug\CL.write.1.tlog
G:\Python,php,js\MPI\MPI_Mat1_6_10_2014\Debug\link-cvtres.read.1.tlog
G:\Python,php,js\MPI\MPI_Mat1_6_10_2014\Debug\link-cvtres.write.1.tlog
G:\Python,php,js\MPI\MPI_Mat1_6_10_2014\Debug\link-rc.read.1.tlog
G:\Python,php,js\MPI\MPI_Mat1_6_10_2014\Debug\link-rc.write.1.tlog
G:\Python,php,js\MPI\MPI_Mat1_6_10_2014\Debug\link.command.1.tlog
G:\Python,php,js\MPI\MPI_Mat1_6_10_2014\Debug\link.read.1.tlog
G:\Python,php,js\MPI\MPI_Mat1_6_10_2014\Debug\link.write.1.tlog
G:\Python,php,js\MPI\MPI_Mat1_6_10_2014\Debug\MPI_Mat1_6_10_2014.pch
G:\Python,php,js\MPI\MPI_Mat1_6_10_2014\Debug\vc110.idb
G:\Python,php,js\MPI\MPI_Mat1_6_10_2014\Debug\vc110.pdb
G:\Python,php,js\MPI\Debug\MPI_Mat1_6_10_2014.pdb
